<?xml version="1.0" encoding="UTF-8"?>
<!-- Generated by org.testng.reporters.JUnitReportReporter -->
<testsuite hostname="Aayush" failures="0" tests="3" name="test.LoginPageScript" time="68.059" errors="0" timestamp="2024-05-25T00:35:40 IST" skipped="0">
  <testcase classname="test.LoginPageScript" name="OrderHistory" time="16.689"/>
  <testcase classname="test.LoginPageScript" name="SubmitOrder" time="24.332"/>
  <testcase classname="test.LoginPageScript" name="SubmitOrder" time="27.038"/>
</testsuite> <!-- test.LoginPageScript -->
