<?xml version="1.0" encoding="UTF-8"?>
<!-- Generated by org.testng.reporters.JUnitReportReporter -->
<testsuite hostname="Aayush" failures="0" tests="1" name="extententreport_SingleTestCase.Extent_Report1" time="8.632" errors="0" timestamp="2024-05-24T00:23:45 IST" skipped="0">
  <testcase classname="extententreport_SingleTestCase.Extent_Report1" name="demo" time="8.632"/>
</testsuite> <!-- extententreport_SingleTestCase.Extent_Report1 -->
